
> infinite-canvas-frontend@0.1.0 dev
> vite

Port 5173 is in use, trying another one...
Port 5174 is in use, trying another one...
Port 5175 is in use, trying another one...

  [32m[1mVITE[22m v5.4.21[39m  [2mready in [0m[1m246[22m[2m[0m ms[22m

  [32m➜[39m  [1mLocal[22m:   [36mhttp://localhost:[1m5176[22m/[39m
[2m  [32m➜[39m  [1mNetwork[22m[2m: use [22m[1m--host[22m[2m to expose[22m
[2m17:27:52[22m [36m[1m[vite][22m[39m [32mhmr update [39m[2m/src/Canvas.tsx, /src/ControlPanel.tsx[22m
[2m17:28:17[22m [36m[1m[vite][22m[39m [32mhmr update [39m[2m/src/Canvas.tsx, /src/ControlPanel.tsx[22m
[2m17:28:45[22m [36m[1m[vite][22m[39m [32mhmr update [39m[2m/src/App.tsx, /src/Canvas.tsx, /src/ControlPanel.tsx[22m
[2m17:29:00[22m [36m[1m[vite][22m[39m [32mhmr update [39m[2m/src/App.tsx, /src/Canvas.tsx, /src/ControlPanel.tsx[22m
[2m17:29:23[22m [36m[1m[vite][22m[39m [32mhmr update [39m[2m/src/App.tsx, /src/Canvas.tsx, /src/ControlPanel.tsx[22m
[2m17:29:27[22m [36m[1m[vite][22m[39m [32mhmr update [39m[2m/src/App.tsx, /src/Canvas.tsx, /src/ControlPanel.tsx[22m
[2m17:29:37[22m [36m[1m[vite][22m[39m [32mhmr update [39m[2m/src/App.tsx, /src/Canvas.tsx, /src/ControlPanel.tsx[22m
[2m17:29:51[22m [36m[1m[vite][22m[39m [32mhmr update [39m[2m/src/App.tsx, /src/Canvas.tsx, /src/ControlPanel.tsx[22m
[2m17:30:05[22m [36m[1m[vite][22m[39m [32mhmr update [39m[2m/src/App.tsx, /src/Canvas.tsx, /src/ControlPanel.tsx[22m
[2m17:31:30[22m [36m[1m[vite][22m[39m [32mhmr update [39m[2m/src/App.tsx[22m
[2m17:31:39[22m [36m[1m[vite][22m[39m [32mhmr update [39m[2m/src/App.tsx[22m
[2m17:31:43[22m [36m[1m[vite][22m[39m [32mhmr update [39m[2m/src/App.tsx[22m
[2m17:32:27[22m [36m[1m[vite][22m[39m [32mhmr update [39m[2m/src/ControlPanel.tsx[22m
[2m17:32:41[22m [36m[1m[vite][22m[39m [32mhmr update [39m[2m/src/ControlPanel.tsx[22m
[2m17:40:37[22m [36m[1m[vite][22m[39m [32mhmr update [39m[2m/src/ControlPanel.tsx[22m
[2m17:40:40[22m [36m[1m[vite][22m[39m [32mhmr update [39m[2m/src/index.css?direct[22m
[2m17:45:14[22m [36m[1m[vite][22m[39m [32mhmr update [39m[2m/src/ControlPanel.tsx[22m
[2m18:27:35[22m [36m[1m[vite][22m[39m [32mhmr update [39m[2m/src/ControlPanel.tsx[22m
[2m18:27:52[22m [36m[1m[vite][22m[39m [32mhmr update [39m[2m/src/ControlPanel.tsx[22m
[2m18:28:04[22m [36m[1m[vite][22m[39m [32mhmr update [39m[2m/src/ControlPanel.tsx[22m
[2m18:28:28[22m [36m[1m[vite][22m[39m [32mhmr update [39m[2m/src/ControlPanel.tsx[22m
[2m18:28:42[22m [36m[1m[vite][22m[39m [32mhmr update [39m[2m/src/ControlPanel.tsx[22m
[2m18:29:03[22m [36m[1m[vite][22m[39m [32mhmr update [39m[2m/src/ControlPanel.tsx[22m
[2m18:29:35[22m [36m[1m[vite][22m[39m [32mhmr update [39m[2m/src/ControlPanel.tsx[22m
[2m18:29:48[22m [36m[1m[vite][22m[39m [32mhmr update [39m[2m/src/ControlPanel.tsx[22m
[2m18:30:31[22m [36m[1m[vite][22m[39m [32mhmr update [39m[2m/src/ControlPanel.tsx[22m
[2m18:32:36[22m [36m[1m[vite][22m[39m [32mhmr update [39m[2m/src/App.tsx[22m
[2m18:33:51[22m [36m[1m[vite][22m[39m [32mhmr update [39m[2m/src/Canvas.tsx[22m
[2m18:38:54[22m [36m[1m[vite][22m[39m [32mhmr update [39m[2m/src/ControlPanel.tsx[22m
[2m18:39:10[22m [36m[1m[vite][22m[39m [32mhmr update [39m[2m/src/ControlPanel.tsx[22m
[2m18:39:24[22m [36m[1m[vite][22m[39m [32mhmr update [39m[2m/src/ControlPanel.tsx[22m
[2m18:39:53[22m [36m[1m[vite][22m[39m [32mhmr update [39m[2m/src/ControlPanel.tsx[22m
[2m18:39:55[22m [36m[1m[vite][22m[39m [32mhmr update [39m[2m/src/ControlPanel.tsx[22m
[2m18:39:56[22m [36m[1m[vite][22m[39m [32mhmr update [39m[2m/src/ControlPanel.tsx[22m
[2m18:39:57[22m [36m[1m[vite][22m[39m [32mhmr update [39m[2m/src/ControlPanel.tsx[22m
[2m18:40:27[22m [36m[1m[vite][22m[39m [32mhmr update [39m[2m/src/ControlPanel.tsx[22m
[2m18:40:29[22m [36m[1m[vite][22m[39m [32mhmr update [39m[2m/src/ControlPanel.tsx[22m
[2m18:40:30[22m [36m[1m[vite][22m[39m [32mhmr update [39m[2m/src/ControlPanel.tsx[22m
[2m18:40:32[22m [36m[1m[vite][22m[39m [32mhmr update [39m[2m/src/ControlPanel.tsx[22m
[2m18:40:33[22m [36m[1m[vite][22m[39m [32mhmr update [39m[2m/src/ControlPanel.tsx[22m
[2m18:40:34[22m [36m[1m[vite][22m[39m [32mhmr update [39m[2m/src/ControlPanel.tsx[22m
[2m18:41:16[22m [36m[1m[vite][22m[39m [32mhmr update [39m[2m/src/ControlPanel.tsx[22m
[2m18:41:18[22m [36m[1m[vite][22m[39m [32mhmr update [39m[2m/src/ControlPanel.tsx[22m
[2m18:41:19[22m [36m[1m[vite][22m[39m [32mhmr update [39m[2m/src/ControlPanel.tsx[22m
[2m18:41:20[22m [36m[1m[vite][22m[39m [32mhmr update [39m[2m/src/ControlPanel.tsx[22m
[2m18:41:22[22m [36m[1m[vite][22m[39m [32mhmr update [39m[2m/src/ControlPanel.tsx[22m
[2m18:41:23[22m [36m[1m[vite][22m[39m [32mhmr update [39m[2m/src/ControlPanel.tsx[22m
[2m18:41:25[22m [36m[1m[vite][22m[39m [32mhmr update [39m[2m/src/ControlPanel.tsx[22m
[2m18:41:26[22m [36m[1m[vite][22m[39m [32mhmr update [39m[2m/src/ControlPanel.tsx[22m
[2m18:41:57[22m [36m[1m[vite][22m[39m [32mhmr update [39m[2m/src/ControlPanel.tsx[22m
[2m18:42:12[22m [36m[1m[vite][22m[39m [32mhmr update [39m[2m/src/ControlPanel.tsx[22m
[2m18:42:52[22m [36m[1m[vite][22m[39m [32mhmr update [39m[2m/src/Canvas.tsx[22m
[2m18:43:01[22m [36m[1m[vite][22m[39m [32mhmr update [39m[2m/src/Canvas.tsx[22m
[2m18:43:03[22m [36m[1m[vite][22m[39m [32mhmr update [39m[2m/src/Canvas.tsx[22m
[2m18:43:21[22m [36m[1m[vite][22m[39m [32mhmr update [39m[2m/src/Canvas.tsx[22m
[2m18:43:23[22m [36m[1m[vite][22m[39m [32mhmr update [39m[2m/src/Canvas.tsx[22m
[2m18:43:37[22m [36m[1m[vite][22m[39m [32mhmr update [39m[2m/src/Canvas.tsx[22m
[2m18:43:38[22m [36m[1m[vite][22m[39m [32mhmr update [39m[2m/src/Canvas.tsx[22m
[2m18:43:39[22m [36m[1m[vite][22m[39m [32mhmr update [39m[2m/src/Canvas.tsx[22m
[2m18:43:55[22m [36m[1m[vite][22m[39m [32mhmr update [39m[2m/src/Canvas.tsx[22m
[2m18:43:57[22m [36m[1m[vite][22m[39m [32mhmr update [39m[2m/src/Canvas.tsx[22m
[2m18:44:01[22m [36m[1m[vite][22m[39m [32mhmr update [39m[2m/src/Canvas.tsx[22m
[2m18:44:02[22m [36m[1m[vite][22m[39m [32mhmr update [39m[2m/src/Canvas.tsx[22m
[2m18:44:10[22m [36m[1m[vite][22m[39m [32mhmr update [39m[2m/src/Canvas.tsx[22m
[2m18:44:51[22m [36m[1m[vite][22m[39m [32mhmr update [39m[2m/src/Canvas.tsx[22m
[2m18:44:52[22m [36m[1m[vite][22m[39m [32mhmr update [39m[2m/src/Canvas.tsx[22m
[2m18:44:53[22m [36m[1m[vite][22m[39m [32mhmr update [39m[2m/src/Canvas.tsx[22m
[2m18:48:01[22m [36m[1m[vite][22m[39m [32mhmr update [39m[2m/src/App.tsx[22m
[2m18:48:03[22m [36m[1m[vite][22m[39m [32mhmr update [39m[2m/src/App.tsx[22m
[2m18:48:04[22m [36m[1m[vite][22m[39m [32mhmr update [39m[2m/src/App.tsx[22m
[2m18:48:05[22m [36m[1m[vite][22m[39m [32mhmr update [39m[2m/src/App.tsx[22m
[2m18:48:06[22m [36m[1m[vite][22m[39m [32mhmr update [39m[2m/src/App.tsx[22m
[2m18:48:07[22m [36m[1m[vite][22m[39m [32mhmr update [39m[2m/src/App.tsx[22m
[2m18:48:18[22m [36m[1m[vite][22m[39m [32mhmr update [39m[2m/src/App.tsx[22m
[2m18:48:19[22m [36m[1m[vite][22m[39m [32mhmr update [39m[2m/src/App.tsx[22m
[2m18:48:20[22m [36m[1m[vite][22m[39m [32mhmr update [39m[2m/src/App.tsx[22m
[2m18:48:25[22m [36m[1m[vite][22m[39m [32mhmr update [39m[2m/src/App.tsx[22m
[2m18:49:38[22m [36m[1m[vite][22m[39m [32mhmr update [39m[2m/src/MaskEditor.tsx[22m
[2m18:49:41[22m [36m[1m[vite][22m[39m [32mhmr update [39m[2m/src/MaskEditor.tsx[22m
[2m18:49:42[22m [36m[1m[vite][22m[39m [32mhmr update [39m[2m/src/MaskEditor.tsx[22m
[2m18:50:13[22m [36m[1m[vite][22m[39m [32mhmr update [39m[2m/src/MaskEditor.tsx[22m
[2m18:50:18[22m [36m[1m[vite][22m[39m [32mhmr update [39m[2m/src/MaskEditor.tsx[22m
[2m18:51:36[22m [36m[1m[vite][22m[39m [32mhmr update [39m[2m/src/ControlPanel.tsx[22m
